<?xml version="1.0" encoding="UTF-8"?>
<testng-results skipped="0" failed="0" total="1" passed="1">
  <reporter-output>
    <line>
      <![CDATA[Application Lauched successfully |]]>
    </line>
    <line>
      <![CDATA[Navigated to Sign in successfully | ]]>
    </line>
    <line>
      <![CDATA[Successfully logged in | ]]>
    </line>
    <line>
      <![CDATA[Clicked on No Thanks button successfully | ]]>
    </line>
    <line>
      <![CDATA[Product searched successfully | ]]>
    </line>
    <line>
      <![CDATA[Product details verified successfully ]]>
    </line>
  </reporter-output>
  <suite name="Default suite" duration-ms="85669" started-at="2018-05-18T05:21:15Z" finished-at="2018-05-18T05:22:41Z">
    <groups>
    </groups>
    <test name="Default test" duration-ms="85669" started-at="2018-05-18T05:21:15Z" finished-at="2018-05-18T05:22:41Z">
      <class name="com.tests.AppiumTest">
        <test-method status="PASS" signature="beforeTestSuite()[pri:0, instance:com.tests.AppiumTest@64bf3bbf]" name="beforeTestSuite" is-config="true" duration-ms="6483" started-at="2018-05-18T10:51:09Z" finished-at="2018-05-18T10:51:15Z">
          <reporter-output>
          </reporter-output>
        </test-method> <!-- beforeTestSuite -->
        <test-method status="PASS" signature="beforeTest()[pri:0, instance:com.tests.AppiumTest@64bf3bbf]" name="beforeTest" is-config="true" duration-ms="40567" started-at="2018-05-18T10:51:15Z" finished-at="2018-05-18T10:51:56Z">
          <reporter-output>
          </reporter-output>
        </test-method> <!-- beforeTest -->
        <test-method status="PASS" signature="validateProductCheckout()[pri:0, instance:com.tests.AppiumTest@64bf3bbf]" name="validateProductCheckout" duration-ms="43608" started-at="2018-05-18T10:51:56Z" finished-at="2018-05-18T10:52:40Z">
          <reporter-output>
            <line>
              <![CDATA[Application Lauched successfully |]]>
            </line>
            <line>
              <![CDATA[Navigated to Sign in successfully | ]]>
            </line>
            <line>
              <![CDATA[Successfully logged in | ]]>
            </line>
            <line>
              <![CDATA[Clicked on No Thanks button successfully | ]]>
            </line>
            <line>
              <![CDATA[Product searched successfully | ]]>
            </line>
            <line>
              <![CDATA[Product details verified successfully ]]>
            </line>
          </reporter-output>
        </test-method> <!-- validateProductCheckout -->
        <test-method status="PASS" signature="afterTest()[pri:0, instance:com.tests.AppiumTest@64bf3bbf]" name="afterTest" is-config="true" duration-ms="1482" started-at="2018-05-18T10:52:40Z" finished-at="2018-05-18T10:52:41Z">
          <reporter-output>
          </reporter-output>
        </test-method> <!-- afterTest -->
        <test-method status="PASS" signature="AfterTestSuite()[pri:0, instance:com.tests.AppiumTest@64bf3bbf]" name="AfterTestSuite" is-config="true" duration-ms="81" started-at="2018-05-18T10:52:41Z" finished-at="2018-05-18T10:52:41Z">
          <reporter-output>
          </reporter-output>
        </test-method> <!-- AfterTestSuite -->
      </class> <!-- com.tests.AppiumTest -->
    </test> <!-- Default test -->
  </suite> <!-- Default suite -->
</testng-results>
